<?xml version="1.0" encoding="UTF-8"?>
<!-- Generated by org.testng.reporters.JUnitXMLReporter -->
<testsuite ignored="0" hostname="Rupalis-MacBook-Pro.local" failures="2" tests="19" name="Search Results" time="15.266" errors="0" timestamp="2023-02-22T11:03:14 GMT-08:00">
  <testcase classname="com.pvai.qa.test.PetStoreTest" name="findPetByIdNegativeTest" time="3.808"/>
  <testcase classname="com.pvai.qa.test.PetStoreTest" name="findPetByIdPositiveTest" time="0.573">
    <failure type="java.lang.AssertionError" message="1 expectation failed.
Expected status code &amp;lt;200&amp;gt; but was &amp;lt;404&amp;gt;.
">
      <![CDATA[java.lang.AssertionError: 1 expectation failed.
Expected status code <200> but was <404>.

at org.codehaus.groovy.runtime.callsite.ConstructorSite$ConstructorSiteNoUnwrapNoCoerce.callConstructor(ConstructorSite.java:108)
at org.codehaus.groovy.runtime.callsite.CallSiteArray.defaultCallConstructor(CallSiteArray.java:57)
at org.codehaus.groovy.runtime.callsite.AbstractCallSite.callConstructor(AbstractCallSite.java:263)
at org.codehaus.groovy.runtime.callsite.AbstractCallSite.callConstructor(AbstractCallSite.java:277)
at io.restassured.internal.ResponseSpecificationImpl$HamcrestAssertionClosure.validate(ResponseSpecificationImpl.groovy:512)
at io.restassured.internal.ResponseSpecificationImpl$HamcrestAssertionClosure$validate$1.call(Unknown Source)
at io.restassured.internal.ResponseSpecificationImpl.validateResponseIfRequired(ResponseSpecificationImpl.groovy:696)
at io.restassured.internal.ResponseSpecificationImpl.this$2$validateResponseIfRequired(ResponseSpecificationImpl.groovy)
at org.codehaus.groovy.runtime.callsite.PlainObjectMetaMethodSite.doInvoke(PlainObjectMetaMethodSite.java:43)
at org.codehaus.groovy.runtime.callsite.PogoMetaMethodSite$PogoCachedMethodSiteNoUnwrapNoCoerce.invoke(PogoMetaMethodSite.java:198)
at org.codehaus.groovy.runtime.callsite.PogoMetaMethodSite.callCurrent(PogoMetaMethodSite.java:62)
at org.codehaus.groovy.runtime.callsite.AbstractCallSite.callCurrent(AbstractCallSite.java:185)
at io.restassured.internal.ResponseSpecificationImpl.statusCode(ResponseSpecificationImpl.groovy:135)
at io.restassured.specification.ResponseSpecification$statusCode$0.callCurrent(Unknown Source)
at io.restassured.internal.ResponseSpecificationImpl.statusCode(ResponseSpecificationImpl.groovy:143)
at io.restassured.internal.ValidatableResponseOptionsImpl.statusCode(ValidatableResponseOptionsImpl.java:89)
at com.pvai.qa.test.PetStoreTest.findPetByIdPositiveTest(PetStoreTest.java:123)
at java.base/java.util.ArrayList.forEach(ArrayList.java:1511)
... Removed 37 stack frames]]>
    </failure>
  </testcase> <!-- findPetByIdPositiveTest -->
  <testcase classname="com.pvai.qa.test.PetStoreTest" name="findPetByStatus" time="1.08"/>
  <testcase classname="com.pvai.qa.test.PetStoreTest" name="findPetByStatus" time="0.578"/>
  <testcase classname="com.pvai.qa.test.PetStoreTest" name="findPetByStatus" time="0.545"/>
  <testcase classname="com.pvai.qa.test.PetStoreTest" name="test1" time="0.548"/>
  <testcase classname="com.pvai.qa.test.PetStoreTest" name="updateExistingPetNegativeTest" time="0.566"/>
  <testcase classname="com.pvai.qa.test.PetStoreTest" name="updatePetWithFormData" time="0.489">
    <failure type="java.lang.AssertionError" message="1 expectation failed.
Expected status code &amp;lt;200&amp;gt; but was &amp;lt;404&amp;gt;.
">
      <![CDATA[java.lang.AssertionError: 1 expectation failed.
Expected status code <200> but was <404>.

at org.codehaus.groovy.runtime.callsite.ConstructorSite$ConstructorSiteNoUnwrapNoCoerce.callConstructor(ConstructorSite.java:108)
at org.codehaus.groovy.runtime.callsite.AbstractCallSite.callConstructor(AbstractCallSite.java:277)
at io.restassured.internal.ResponseSpecificationImpl$HamcrestAssertionClosure.validate(ResponseSpecificationImpl.groovy:512)
at io.restassured.internal.ResponseSpecificationImpl$HamcrestAssertionClosure$validate$1.call(Unknown Source)
at io.restassured.internal.ResponseSpecificationImpl.validateResponseIfRequired(ResponseSpecificationImpl.groovy:696)
at io.restassured.internal.ResponseSpecificationImpl.this$2$validateResponseIfRequired(ResponseSpecificationImpl.groovy)
at org.codehaus.groovy.runtime.callsite.PlainObjectMetaMethodSite.doInvoke(PlainObjectMetaMethodSite.java:43)
at org.codehaus.groovy.runtime.callsite.PogoMetaMethodSite$PogoCachedMethodSiteNoUnwrapNoCoerce.invoke(PogoMetaMethodSite.java:198)
at org.codehaus.groovy.runtime.callsite.PogoMetaMethodSite.callCurrent(PogoMetaMethodSite.java:62)
at org.codehaus.groovy.runtime.callsite.AbstractCallSite.callCurrent(AbstractCallSite.java:185)
at io.restassured.internal.ResponseSpecificationImpl.statusCode(ResponseSpecificationImpl.groovy:135)
at io.restassured.specification.ResponseSpecification$statusCode$0.callCurrent(Unknown Source)
at io.restassured.internal.ResponseSpecificationImpl.statusCode(ResponseSpecificationImpl.groovy:143)
at io.restassured.internal.ValidatableResponseOptionsImpl.statusCode(ValidatableResponseOptionsImpl.java:89)
at com.pvai.qa.test.PetStoreTest.updatePetWithFormData(PetStoreTest.java:220)
at java.base/java.util.ArrayList.forEach(ArrayList.java:1511)
... Removed 36 stack frames]]>
    </failure>
  </testcase> <!-- updatePetWithFormData -->
  <testcase classname="com.pvai.qa.test.PetStoreTest" name="updatePetWithFormDataWithIdNotFound" time="0.555"/>
  <testcase classname="com.pvai.qa.test.PetStoreTest" name="updatePetWithFormDataWithLongId" time="0.519"/>
  <testcase classname="com.pvai.qa.test.PetStoreTest" name="uploadImage" time="1.115"/>
  <testcase classname="com.pvai.qa.test.PetStoreTest" name="uploadImageNegativeTestNoFileNoMetadata" time="0.542"/>
  <testcase classname="com.pvai.qa.test.PetStoreTest" name="uploadImageNegativeTestNoId" time="0.567"/>
  <testcase classname="com.pvai.qa.test.PetStoreTest" name="addNewPetToStoreNegativeTest" time="0.566"/>
  <testcase classname="com.pvai.qa.test.PetStoreTest" name="addNewPetToStorePositiveTest" time="0.532"/>
  <testcase classname="com.pvai.qa.test.PetStoreTest" name="updateExistingPet" time="0.551"/>
  <testcase classname="com.pvai.qa.test.PetStoreTest" name="uploadImageNegativeTestInvalidId" time="0.925"/>
  <testcase classname="com.pvai.qa.test.PetStoreTest" name="uploadImageNegativeTestNoFile" time="0.503"/>
  <testcase classname="com.pvai.qa.test.PetStoreTest" name="deletePetById" time="0.525"/>
</testsuite> <!-- Search Results -->
